<?xml version="1.0" encoding="UTF-8"?>
<testsuite xmlns:xsi="http://www.w3.org/2001/XMLSchema-instance" xsi:schemaLocation="https://maven.apache.org/surefire/maven-surefire-plugin/xsd/surefire-test-report.xsd" name="core.AllTest" time="83.534" tests="90" errors="0" skipped="0" failures="0">
  <properties>
[...]
</properties>
  <testcase name="Given I decided to post on the wall" classname="Scenario: Posting on the wall" time="0.002"/>
  <testcase name="When I sent post request" classname="Scenario: Posting on the wall" time="0.001"/>
  <testcase name="When I get response" classname="Scenario: Posting on the wall" time="0"/>
  <testcase name="Then I check is it posted" classname="Scenario: Posting on the wall" time="0.001"/>
  <testcase name="Scenario: Posting on the wall" classname="Scenario: Posting on the wall" time="0.002"/>
  <testcase name="Given I decided to update post on the wall" classname="Scenario: Update post on the wall" time="0.001"/>
  <testcase name="When I sent update request" classname="Scenario: Update post on the wall" time="0"/>
  <testcase name="When I get response" classname="Scenario: Update post on the wall" time="0"/>
  <testcase name="Then I check json answer matches xml" classname="Scenario: Update post on the wall" time="0"/>
  <testcase name="Scenario: Update post on the wall" classname="Scenario: Update post on the wall" time="0.001"/>
  <testcase name="Given I am on page with &quot;https://mail.ru&quot; url" classname="Scenario: See the astrological forecast for the scorpion for the year" time="0.001"/>
  <testcase name="When I choose link astrology" classname="Scenario: See the astrological forecast for the scorpion for the year" time="0"/>
  <testcase name="When I open page with all sign of the zodiac" classname="Scenario: See the astrological forecast for the scorpion for the year" time="0"/>
  <testcase name="When I choose sign Scorpion" classname="Scenario: See the astrological forecast for the scorpion for the year" time="0.001"/>
  <testcase name="When I choose astrology period" classname="Scenario: See the astrological forecast for the scorpion for the year" time="0.001"/>
  <testcase name="Then I see astrological forecast" classname="Scenario: See the astrological forecast for the scorpion for the year" time="0"/>
  <testcase name="Scenario: See the astrological forecast for the scorpion for the year" classname="Scenario: See the astrological forecast for the scorpion for the year" time="0"/>
  <testcase name="Given I am on page with &quot;https://mail.ru&quot; url" classname="Scenario: Create filter" time="0"/>
  <testcase name="When I login as correct user" classname="Scenario: Create filter" time="0"/>
  <testcase name="When I choose a mail" classname="Scenario: Create filter" time="0"/>
  <testcase name="When I click button more" classname="Scenario: Create filter" time="0"/>
  <testcase name="When I open popup for create new filter" classname="Scenario: Create filter" time="0"/>
  <testcase name="When I open all folders" classname="Scenario: Create filter" time="0"/>
  <testcase name="When I choose folder" classname="Scenario: Create filter" time="0"/>
  <testcase name="When I save Filter" classname="Scenario: Create filter" time="0.001"/>
  <testcase name="Then I see message that filter created" classname="Scenario: Create filter" time="0"/>
  <testcase name="Scenario: Create filter" classname="Scenario: Create filter" time="0"/>
  <testcase name="Given I am on page with &quot;https://mail.ru&quot; url" classname="Scenario: Delete filter" time="0"/>
  <testcase name="When I login as correct user" classname="Scenario: Delete filter" time="0"/>
  <testcase name="When I click more in main menu" classname="Scenario: Delete filter" time="0"/>
  <testcase name="When I open settings" classname="Scenario: Delete filter" time="0"/>
  <testcase name="When I open filter settings" classname="Scenario: Delete filter" time="0"/>
  <testcase name="When I click delete button" classname="Scenario: Delete filter" time="0.001"/>
  <testcase name="When I confirm delete" classname="Scenario: Delete filter" time="0"/>
  <testcase name="Then I see that filter deleted" classname="Scenario: Delete filter" time="0"/>
  <testcase name="Scenario: Delete filter" classname="Scenario: Delete filter" time="0.001"/>
  <testcase name="Given I am on page with &quot;https://mail.ru&quot; url" classname="Scenario: Flag letters" time="0"/>
  <testcase name="When I login as correct user" classname="Scenario: Flag letters" time="0"/>
  <testcase name="When I choose a few mails" classname="Scenario: Flag letters" time="0"/>
  <testcase name="When I click button more" classname="Scenario: Flag letters" time="0"/>
  <testcase name="When I flag letters" classname="Scenario: Flag letters" time="0"/>
  <testcase name="Then I check whether the letters are flagged" classname="Scenario: Flag letters" time="0"/>
  <testcase name="Scenario: Flag letters" classname="Scenario: Flag letters" time="0"/>
  <testcase name="Given I am on page with &quot;https://mail.ru&quot; url" classname="Scenario: Removing the flag from the letters" time="0"/>
  <testcase name="When I login as correct user" classname="Scenario: Removing the flag from the letters" time="0.001"/>
  <testcase name="When I choose all mails" classname="Scenario: Removing the flag from the letters" time="0"/>
  <testcase name="When I click button more" classname="Scenario: Removing the flag from the letters" time="0"/>
  <testcase name="When I click button more" classname="Scenario: Removing the flag from the letters" time="0.001"/>
  <testcase name="When I click button more" classname="Scenario: Removing the flag from the letters" time="0"/>
  <testcase name="When I flag letters" classname="Scenario: Removing the flag from the letters" time="0"/>
  <testcase name="When I remove the flag" classname="Scenario: Removing the flag from the letters" time="0"/>
  <testcase name="Then I check if flag is not set" classname="Scenario: Removing the flag from the letters" time="0"/>
  <testcase name="Scenario: Removing the flag from the letters" classname="Scenario: Removing the flag from the letters" time="0"/>
  <testcase name="Given I am on page with &quot;https://mail.ru&quot; url" classname="Scenario: Send a mail" time="0.001"/>
  <testcase name="When I login as correct user" classname="Scenario: Send a mail" time="0"/>
  <testcase name="When I click a button New Mail" classname="Scenario: Send a mail" time="0"/>
  <testcase name="When I fill the field To" classname="Scenario: Send a mail" time="0"/>
  <testcase name="When I fill the field Topic" classname="Scenario: Send a mail" time="0"/>
  <testcase name="When I fill content" classname="Scenario: Send a mail" time="0"/>
  <testcase name="When I click a button Send" classname="Scenario: Send a mail" time="0"/>
  <testcase name="Then I check if mail is sended" classname="Scenario: Send a mail" time="0"/>
  <testcase name="Scenario: Send a mail" classname="Scenario: Send a mail" time="0"/>
  <testcase name="Given I am on page with &quot;https://mail.ru&quot; url" classname="Scenario: Delete a mail" time="0"/>
  <testcase name="When I login as correct user" classname="Scenario: Delete a mail" time="0.001"/>
  <testcase name="When I choose a mail" classname="Scenario: Delete a mail" time="0"/>
  <testcase name="When I click a button Delete" classname="Scenario: Delete a mail" time="0.001"/>
  <testcase name="Then I check if mail is deleted" classname="Scenario: Delete a mail" time="0"/>
  <testcase name="Scenario: Delete a mail" classname="Scenario: Delete a mail" time="0"/>
  <testcase name="Given I am on page with &quot;https://mail.ru&quot; url" classname="Scenario: Moving letters to a new folder" time="0"/>
  <testcase name="When I login as correct user" classname="Scenario: Moving letters to a new folder" time="0"/>
  <testcase name="When I choose a few mails" classname="Scenario: Moving letters to a new folder" time="0"/>
  <testcase name="When I click move" classname="Scenario: Moving letters to a new folder" time="0"/>
  <testcase name="When I click button new folder" classname="Scenario: Moving letters to a new folder" time="0"/>
  <testcase name="When I fill the field folder name" classname="Scenario: Moving letters to a new folder" time="0"/>
  <testcase name="When I click button submit" classname="Scenario: Moving letters to a new folder" time="0"/>
  <testcase name="Then I see message that folder create" classname="Scenario: Moving letters to a new folder" time="0"/>
  <testcase name="Scenario: Moving letters to a new folder" classname="Scenario: Moving letters to a new folder" time="0"/>
  <testcase name="Given I am on page with &quot;https://mail.ru&quot; url" classname="Scenario: Put mail into spam" time="0"/>
  <testcase name="When I login as correct user" classname="Scenario: Put mail into spam" time="0"/>
  <testcase name="When I choose a mail" classname="Scenario: Put mail into spam" time="0"/>
  <testcase name="When I click a button Spam" classname="Scenario: Put mail into spam" time="0"/>
  <testcase name="Then I check if mail is in spam" classname="Scenario: Put mail into spam" time="0.001"/>
  <testcase name="Scenario: Put mail into spam" classname="Scenario: Put mail into spam" time="0.001"/>
  <testcase name="Given I am on page with &quot;https://mail.ru&quot; url" classname="Scenario: Extract mail from spam" time="0"/>
  <testcase name="When I login as correct user" classname="Scenario: Extract mail from spam" time="0.001"/>
  <testcase name="When I open1 spam folder" classname="Scenario: Extract mail from spam" time="0"/>
  <testcase name="When I choose a mail in spam" classname="Scenario: Extract mail from spam" time="0"/>
  <testcase name="When I click a button NOT Spam" classname="Scenario: Extract mail from spam" time="0"/>
  <testcase name="Then I check if mail is not in spam" classname="Scenario: Extract mail from spam" time="0"/>
  <testcase name="Scenario: Extract mail from spam" classname="Scenario: Extract mail from spam" time="0"/>
</testsuite>